scheduler running ~ Tue Apr 16 2024 10:20:58 GMT+0100 (British Summer Time)
job scheduled ~ Tue Apr 16 2024 10:22:00 GMT+0100 (British Summer Time)
{ lastYear: 17864, last30Days: 1509 } ~ Tue Apr 16 2024 10:22:00 GMT+0100 (British Summer Time)
email sent successfully ~ Tue Apr 16 2024 10:22:00 GMT+0100 (British Summer Time)
scheduler running ~ Tue Apr 16 2024 10:33:26 GMT+0100 (British Summer Time)
{ lastYear: 17882, last30Days: 1567 } ~ Wed Apr 17 2024 09:12:40 GMT+0100 (British Summer Time)
{ lastYear: 17882, last30Days: 1567 } ~ Wed Apr 17 2024 09:12:40 GMT+0100 (British Summer Time)
gartec ~ Wed Apr 17 2024 09:13:56 GMT+0100 (British Summer Time)
coastal drains ~ Wed Apr 17 2024 09:13:56 GMT+0100 (British Summer Time)
{ lastYear: 10067, last30Days: 657 } ~ Wed Apr 17 2024 09:14:40 GMT+0100 (British Summer Time)
{ lastYear: 17882, last30Days: 1567 } ~ Wed Apr 17 2024 09:14:41 GMT+0100 (British Summer Time)
{ lastYear: 17882, last30Days: 1567 } ~ Wed Apr 17 2024 09:15:41 GMT+0100 (British Summer Time)
{ lastYear: 44739, last30Days: 4934 } ~ Wed Apr 17 2024 09:15:41 GMT+0100 (British Summer Time)
{ lastYear: 10067, last30Days: 657 } ~ Wed Apr 17 2024 09:15:42 GMT+0100 (British Summer Time)
{ lastYear: 44739, last30Days: 4934 } ~ Wed Apr 17 2024 09:15:42 GMT+0100 (British Summer Time)
gartec ~ Wed Apr 17 2024 09:15:58 GMT+0100 (British Summer Time)
{ lastYear: 10067, last30Days: 657 } ~ Wed Apr 17 2024 09:15:58 GMT+0100 (British Summer Time)
{ lastYear: 44739, last30Days: 4934 } ~ Wed Apr 17 2024 09:15:58 GMT+0100 (British Summer Time)
coastal drains ~ Wed Apr 17 2024 09:15:58 GMT+0100 (British Summer Time)
{ lastYear: 10067, last30Days: 657 } ~ Wed Apr 17 2024 09:15:58 GMT+0100 (British Summer Time)
{ lastYear: 44739, last30Days: 4934 } ~ Wed Apr 17 2024 09:15:58 GMT+0100 (British Summer Time)
coastal drains ~ Wed Apr 17 2024 09:16:30 GMT+0100 (British Summer Time)
314533257 ~ Wed Apr 17 2024 09:16:30 GMT+0100 (British Summer Time)
6966351389 ~ Wed Apr 17 2024 09:16:30 GMT+0100 (British Summer Time)
gartec ~ Wed Apr 17 2024 09:16:30 GMT+0100 (British Summer Time)
314616216 ~ Wed Apr 17 2024 09:16:30 GMT+0100 (British Summer Time)
1694044870 ~ Wed Apr 17 2024 09:16:30 GMT+0100 (British Summer Time)
gartec ~ Wed Apr 17 2024 09:18:14 GMT+0100 (British Summer Time)
314616216 ~ Wed Apr 17 2024 09:18:14 GMT+0100 (British Summer Time)
1694044870 ~ Wed Apr 17 2024 09:18:14 GMT+0100 (British Summer Time)
coastal drains ~ Wed Apr 17 2024 09:18:14 GMT+0100 (British Summer Time)
314533257 ~ Wed Apr 17 2024 09:18:14 GMT+0100 (British Summer Time)
6966351389 ~ Wed Apr 17 2024 09:18:14 GMT+0100 (British Summer Time)
coastal drains ~ Wed Apr 17 2024 09:18:56 GMT+0100 (British Summer Time)
{ lastYear: 10067, last30Days: 657 } ~ Wed Apr 17 2024 09:18:56 GMT+0100 (British Summer Time)
{ lastYear: 44739, last30Days: 4934 } ~ Wed Apr 17 2024 09:18:56 GMT+0100 (British Summer Time)
gartec ~ Wed Apr 17 2024 09:18:56 GMT+0100 (British Summer Time)
{ lastYear: 17882, last30Days: 1567 } ~ Wed Apr 17 2024 09:18:56 GMT+0100 (British Summer Time)
{ lastYear: 44739, last30Days: 4934 } ~ Wed Apr 17 2024 09:18:56 GMT+0100 (British Summer Time)
gartec ~ Wed Apr 17 2024 09:48:32 GMT+0100 (British Summer Time)
{ lastYear: 17882, last30Days: 1567 } ~ Wed Apr 17 2024 09:48:32 GMT+0100 (British Summer Time)
{ lastYear: 44729, last30Days: 4924 } ~ Wed Apr 17 2024 09:48:32 GMT+0100 (British Summer Time)
coastal drains ~ Wed Apr 17 2024 09:48:33 GMT+0100 (British Summer Time)
{ lastYear: 10067, last30Days: 657 } ~ Wed Apr 17 2024 09:48:33 GMT+0100 (British Summer Time)
{ lastYear: 10897, last30Days: 840 } ~ Wed Apr 17 2024 09:48:33 GMT+0100 (British Summer Time)
2023-04-18 ~ Wed Apr 17 2024 09:58:57 GMT+0100 (British Summer Time)
gartec ~ Wed Apr 17 2024 09:58:57 GMT+0100 (British Summer Time)
{ lastYear: 17882, last30Days: 1567 } ~ Wed Apr 17 2024 09:58:57 GMT+0100 (British Summer Time)
{ lastYear: 44725, last30Days: 4920 } ~ Wed Apr 17 2024 09:58:57 GMT+0100 (British Summer Time)
2023-04-18 ~ Wed Apr 17 2024 09:58:57 GMT+0100 (British Summer Time)
coastal drains ~ Wed Apr 17 2024 09:58:57 GMT+0100 (British Summer Time)
{ lastYear: 10067, last30Days: 657 } ~ Wed Apr 17 2024 09:58:57 GMT+0100 (British Summer Time)
{ lastYear: 10897, last30Days: 840 } ~ Wed Apr 17 2024 09:58:57 GMT+0100 (British Summer Time)
2023-04-182024-03-182024-04-16 ~ Wed Apr 17 2024 09:59:34 GMT+0100 (British Summer Time)
coastal drains ~ Wed Apr 17 2024 09:59:34 GMT+0100 (British Summer Time)
{ lastYear: 10067, last30Days: 657 } ~ Wed Apr 17 2024 09:59:34 GMT+0100 (British Summer Time)
{ lastYear: 10897, last30Days: 840 } ~ Wed Apr 17 2024 09:59:34 GMT+0100 (British Summer Time)
2023-04-182024-03-182024-04-16 ~ Wed Apr 17 2024 09:59:34 GMT+0100 (British Summer Time)
gartec ~ Wed Apr 17 2024 09:59:34 GMT+0100 (British Summer Time)
{ lastYear: 17882, last30Days: 1567 } ~ Wed Apr 17 2024 09:59:34 GMT+0100 (British Summer Time)
{ lastYear: 44725, last30Days: 4920 } ~ Wed Apr 17 2024 09:59:34 GMT+0100 (British Summer Time)
2023-04-18  2024-03-18  2024-04-16 ~ Wed Apr 17 2024 10:00:05 GMT+0100 (British Summer Time)
gartec ~ Wed Apr 17 2024 10:00:05 GMT+0100 (British Summer Time)
{ lastYear: 17882, last30Days: 1567 } ~ Wed Apr 17 2024 10:00:05 GMT+0100 (British Summer Time)
{ lastYear: 44725, last30Days: 4920 } ~ Wed Apr 17 2024 10:00:05 GMT+0100 (British Summer Time)
2023-04-18  2024-03-18  2024-04-16 ~ Wed Apr 17 2024 10:00:05 GMT+0100 (British Summer Time)
coastal drains ~ Wed Apr 17 2024 10:00:05 GMT+0100 (British Summer Time)
{ lastYear: 10067, last30Days: 657 } ~ Wed Apr 17 2024 10:00:05 GMT+0100 (British Summer Time)
{ lastYear: 10897, last30Days: 840 } ~ Wed Apr 17 2024 10:00:05 GMT+0100 (British Summer Time)
2024-03-18  2024-04-16 ~ Wed Apr 17 2024 10:00:19 GMT+0100 (British Summer Time)
gartec ~ Wed Apr 17 2024 10:00:19 GMT+0100 (British Summer Time)
{ lastYear: 17882, last30Days: 1567 } ~ Wed Apr 17 2024 10:00:19 GMT+0100 (British Summer Time)
{ lastYear: 44725, last30Days: 4920 } ~ Wed Apr 17 2024 10:00:19 GMT+0100 (British Summer Time)
2024-03-18  2024-04-16 ~ Wed Apr 17 2024 10:00:19 GMT+0100 (British Summer Time)
coastal drains ~ Wed Apr 17 2024 10:00:19 GMT+0100 (British Summer Time)
{ lastYear: 10067, last30Days: 657 } ~ Wed Apr 17 2024 10:00:19 GMT+0100 (British Summer Time)
{ lastYear: 10897, last30Days: 840 } ~ Wed Apr 17 2024 10:00:19 GMT+0100 (British Summer Time)
gartec ~ Wed Apr 17 2024 10:03:53 GMT+0100 (British Summer Time)
{ lastYear: 17882, last30Days: 1567 } ~ Wed Apr 17 2024 10:03:53 GMT+0100 (British Summer Time)
{ lastYear: 44725, last30Days: 4920 } ~ Wed Apr 17 2024 10:03:53 GMT+0100 (British Summer Time)
coastal drains ~ Wed Apr 17 2024 10:03:53 GMT+0100 (British Summer Time)
{ lastYear: 10067, last30Days: 657 } ~ Wed Apr 17 2024 10:03:53 GMT+0100 (British Summer Time)
{ lastYear: 10897, last30Days: 840 } ~ Wed Apr 17 2024 10:03:53 GMT+0100 (British Summer Time)
coastal drains ~ Wed Apr 17 2024 10:13:08 GMT+0100 (British Summer Time)
{ lastYear: 10067, last30Days: 657 } ~ Wed Apr 17 2024 10:13:08 GMT+0100 (British Summer Time)
{ lastYear: 10897, last30Days: 840 } ~ Wed Apr 17 2024 10:13:08 GMT+0100 (British Summer Time)
gartec ~ Wed Apr 17 2024 10:13:08 GMT+0100 (British Summer Time)
{ lastYear: 17882, last30Days: 1567 } ~ Wed Apr 17 2024 10:13:08 GMT+0100 (British Summer Time)
{ lastYear: 44725, last30Days: 4920 } ~ Wed Apr 17 2024 10:13:08 GMT+0100 (British Summer Time)
email sent successfully ~ Wed Apr 17 2024 10:13:08 GMT+0100 (British Summer Time)
email sent successfully ~ Wed Apr 17 2024 10:13:08 GMT+0100 (British Summer Time)
